Log file open, 11/19/16 12:28:22
LogInit:Display: Running engine for game: Imaluk
LogPlatformFile: Not using cached read wrapper
LogInit:Display: RandInit(-146476676) SRandInit(-146476676).
LogTaskGraph: Started task graph with 5 named threads and 8 total threads with 1 sets of task threads.
LogStats: Stats thread started at 0.131631
LogPluginManager: Loaded Plugin Paper2D, From C:/Program Files/Epic Games/4.13/Engine/Plugins/2D/Paper2D/Paper2D.uplugin
LogPluginManager: Loaded Plugin LightPropagationVolume, From C:/Program Files/Epic Games/4.13/Engine/Plugins/Blendables/LightPropagationVolume/LightPropagationVolume.uplugin
LogPluginManager: Loaded Plugin BlankPlugin, From C:/Program Files/Epic Games/4.13/Engine/Plugins/Developer/BlankPlugin/BlankPlugin.uplugin
LogPluginManager: Loaded Plugin CodeLiteSourceCodeAccess, From C:/Program Files/Epic Games/4.13/Engine/Plugins/Developer/CodeLiteSourceCodeAccess/CodeLiteSourceCodeAccess.uplugin
LogPluginManager: Loaded Plugin GitSourceControl, From C:/Program Files/Epic Games/4.13/Engine/Plugins/Developer/GitSourceControl/GitSourceControl.uplugin
LogPluginManager: Loaded Plugin KDevelopSourceCodeAccess, From C:/Program Files/Epic Games/4.13/Engine/Plugins/Developer/KDevelopSourceCodeAccess/KDevelopSourceCodeAccess.uplugin
LogPluginManager: Loaded Plugin NullSourceCodeAccess, From C:/Program Files/Epic Games/4.13/Engine/Plugins/Developer/NullSourceCodeAccess/NullSourceCodeAccess.uplugin
LogPluginManager: Loaded Plugin OneSkyLocalizationService, From C:/Program Files/Epic Games/4.13/Engine/Plugins/Developer/OneSkyLocalizationService/OneSkyLocalizationService.uplugin
LogPluginManager: Loaded Plugin PerforceSourceControl, From C:/Program Files/Epic Games/4.13/Engine/Plugins/Developer/PerforceSourceControl/PerforceSourceControl.uplugin
LogPluginManager: Loaded Plugin SubversionSourceControl, From C:/Program Files/Epic Games/4.13/Engine/Plugins/Developer/SubversionSourceControl/SubversionSourceControl.uplugin
LogPluginManager: Loaded Plugin UObjectPlugin, From C:/Program Files/Epic Games/4.13/Engine/Plugins/Developer/UObjectPlugin/UObjectPlugin.uplugin
LogPluginManager: Loaded Plugin VisualStudioSourceCodeAccess, From C:/Program Files/Epic Games/4.13/Engine/Plugins/Developer/VisualStudioSourceCodeAccess/VisualStudioSourceCodeAccess.uplugin
LogPluginManager: Loaded Plugin XCodeSourceCodeAccess, From C:/Program Files/Epic Games/4.13/Engine/Plugins/Developer/XCodeSourceCodeAccess/XCodeSourceCodeAccess.uplugin
LogPluginManager: Loaded Plugin EpicSurvey, From C:/Program Files/Epic Games/4.13/Engine/Plugins/Editor/EpicSurvey/EpicSurvey.uplugin
LogPluginManager: Loaded Plugin MacGraphicsSwitching, From C:/Program Files/Epic Games/4.13/Engine/Plugins/Editor/MacGraphicsSwitching/MacGraphicsSwitching.uplugin
LogPluginManager: Loaded Plugin MobileLauncherProfileWizard, From C:/Program Files/Epic Games/4.13/Engine/Plugins/Editor/MobileLauncherProfileWizard/MobileLauncherProfileWizard.uplugin
LogPluginManager: Loaded Plugin PluginBrowser, From C:/Program Files/Epic Games/4.13/Engine/Plugins/Editor/PluginBrowser/PluginBrowser.uplugin
LogPluginManager: Loaded Plugin SpeedTreeImporter, From C:/Program Files/Epic Games/4.13/Engine/Plugins/Editor/SpeedTreeImporter/SpeedTreeImporter.uplugin
LogPluginManager: Loaded Plugin SuperSearchEditor, From C:/Program Files/Epic Games/4.13/Engine/Plugins/Editor/SuperSearchEditor/SuperSearchEditor.uplugin
LogPluginManager: Loaded Plugin AlembicImporter, From C:/Program Files/Epic Games/4.13/Engine/Plugins/Experimental/AlembicImporter/AlembicImporter.uplugin
LogPluginManager: Loaded Plugin BlueprintStats, From C:/Program Files/Epic Games/4.13/Engine/Plugins/Experimental/BlueprintStats/BlueprintStats.uplugin
LogPluginManager: Loaded Plugin CharacterAI, From C:/Program Files/Epic Games/4.13/Engine/Plugins/Experimental/CharacterAI/CharacterAI.uplugin
LogPluginManager: Loaded Plugin CodeEditor, From C:/Program Files/Epic Games/4.13/Engine/Plugins/Experimental/CodeEditor/CodeEditor.uplugin
LogPluginManager: Loaded Plugin CodeView, From C:/Program Files/Epic Games/4.13/Engine/Plugins/Experimental/CodeView/CodeView.uplugin
LogPluginManager: Loaded Plugin HTML5Networking, From C:/Program Files/Epic Games/4.13/Engine/Plugins/Experimental/HTML5Networking/HTML5Networking.uplugin
LogPluginManager: Loaded Plugin LiveEditor, From C:/Program Files/Epic Games/4.13/Engine/Plugins/Experimental/LiveEditor/LiveEditor.uplugin
LogPluginManager: Loaded Plugin OSVR, From C:/Program Files/Epic Games/4.13/Engine/Plugins/Experimental/OSVR/OSVR.uplugin
LogPluginManager: Loaded Plugin Phya, From C:/Program Files/Epic Games/4.13/Engine/Plugins/Experimental/Phya/Phya.uplugin
LogPluginManager: Loaded Plugin SignificanceManager, From C:/Program Files/Epic Games/4.13/Engine/Plugins/Experimental/SignificanceManager/SignificanceManager.uplugin
LogPluginManager: Loaded Plugin SimpleHMD, From C:/Program Files/Epic Games/4.13/Engine/Plugins/Experimental/SimpleHMD/SimpleHMD.uplugin
LogPluginManager: Loaded Plugin StereoPanorama, From C:/Program Files/Epic Games/4.13/Engine/Plugins/Experimental/StereoPanorama/StereoPanorama.uplugin
LogPluginManager: Loaded Plugin StructBox, From C:/Program Files/Epic Games/4.13/Engine/Plugins/Experimental/StructBox/StructBox.uplugin
LogPluginManager: Loaded Plugin AndroidMedia, From C:/Program Files/Epic Games/4.13/Engine/Plugins/Media/AndroidMedia/AndroidMedia.uplugin
LogPluginManager: Loaded Plugin AvfMedia, From C:/Program Files/Epic Games/4.13/Engine/Plugins/Media/AvfMedia/AvfMedia.uplugin
LogPluginManager: Loaded Plugin MediaPlayerEditor, From C:/Program Files/Epic Games/4.13/Engine/Plugins/Media/MediaPlayerEditor/MediaPlayerEditor.uplugin
LogPluginManager: Loaded Plugin WmfMedia, From C:/Program Files/Epic Games/4.13/Engine/Plugins/Media/WmfMedia/WmfMedia.uplugin
LogPluginManager: Loaded Plugin MessagingDebugger, From C:/Program Files/Epic Games/4.13/Engine/Plugins/Messaging/MessagingDebugger/MessagingDebugger.uplugin
LogPluginManager: Loaded Plugin TcpMessaging, From C:/Program Files/Epic Games/4.13/Engine/Plugins/Messaging/TcpMessaging/TcpMessaging.uplugin
LogPluginManager: Loaded Plugin UdpMessaging, From C:/Program Files/Epic Games/4.13/Engine/Plugins/Messaging/UdpMessaging/UdpMessaging.uplugin
LogPluginManager: Loaded Plugin LevelSequenceEditor, From C:/Program Files/Epic Games/4.13/Engine/Plugins/MovieScene/LevelSequenceEditor/LevelSequenceEditor.uplugin
LogPluginManager: Loaded Plugin MatineeToLevelSequence, From C:/Program Files/Epic Games/4.13/Engine/Plugins/MovieScene/MatineeToLevelSequence/MatineeToLevelSequence.uplugin
LogPluginManager: Loaded Plugin NetcodeUnitTest, From C:/Program Files/Epic Games/4.13/Engine/Plugins/NetcodeUnitTest/NetcodeUnitTest/NetcodeUnitTest.uplugin
LogPluginManager: Loaded Plugin NUTUnrealEngine4, From C:/Program Files/Epic Games/4.13/Engine/Plugins/NetcodeUnitTest/NUTUnrealEngine4/NUTUnrealEngine4.uplugin
LogPluginManager: Loaded Plugin OnlineSubsystemGooglePlay, From C:/Program Files/Epic Games/4.13/Engine/Plugins/Online/Android/OnlineSubsystemGooglePlay/OnlineSubsystemGooglePlay.uplugin
LogPluginManager: Loaded Plugin OnlineSubsystemIOS, From C:/Program Files/Epic Games/4.13/Engine/Plugins/Online/IOS/OnlineSubsystemIOS/OnlineSubsystemIOS.uplugin
LogPluginManager: Loaded Plugin OnlineFramework, From C:/Program Files/Epic Games/4.13/Engine/Plugins/Online/OnlineFramework/OnlineFramework.uplugin
LogPluginManager: Loaded Plugin OnlineSubsystem, From C:/Program Files/Epic Games/4.13/Engine/Plugins/Online/OnlineSubsystem/OnlineSubsystem.uplugin
LogPluginManager: Loaded Plugin OnlineSubsystemAmazon, From C:/Program Files/Epic Games/4.13/Engine/Plugins/Online/OnlineSubsystemAmazon/OnlineSubsystemAmazon.uplugin
LogPluginManager: Loaded Plugin OnlineSubsystemFacebook, From C:/Program Files/Epic Games/4.13/Engine/Plugins/Online/OnlineSubsystemFacebook/OnlineSubsystemFacebook.uplugin
LogPluginManager: Loaded Plugin OnlineSubsystemNull, From C:/Program Files/Epic Games/4.13/Engine/Plugins/Online/OnlineSubsystemNull/OnlineSubsystemNull.uplugin
LogPluginManager: Loaded Plugin OnlineSubsystemOculus, From C:/Program Files/Epic Games/4.13/Engine/Plugins/Online/OnlineSubsystemOculus/OnlineSubsystemOculus.uplugin
LogPluginManager: Loaded Plugin OnlineSubsystemSteam, From C:/Program Files/Epic Games/4.13/Engine/Plugins/Online/OnlineSubsystemSteam/OnlineSubsystemSteam.uplugin
LogPluginManager: Loaded Plugin OnlineSubsystemUtils, From C:/Program Files/Epic Games/4.13/Engine/Plugins/Online/OnlineSubsystemUtils/OnlineSubsystemUtils.uplugin
LogPluginManager: Loaded Plugin IOSTapJoy, From C:/Program Files/Epic Games/4.13/Engine/Plugins/Runtime/Advertising/IOSTapJoy/IOSTapJoy.uplugin
LogPluginManager: Loaded Plugin AnalyticsBlueprintLibrary, From C:/Program Files/Epic Games/4.13/Engine/Plugins/Runtime/Analytics/AnalyticsBlueprintLibrary/AnalyticsBlueprintLibrary.uplugin
LogPluginManager: Loaded Plugin AnalyticsMulticast, From C:/Program Files/Epic Games/4.13/Engine/Plugins/Runtime/Analytics/AnalyticsMulticast/AnalyticsMulticast.uplugin
LogPluginManager: Loaded Plugin Apsalar, From C:/Program Files/Epic Games/4.13/Engine/Plugins/Runtime/Analytics/Apsalar/Apsalar.uplugin
LogPluginManager: Loaded Plugin FileLogging, From C:/Program Files/Epic Games/4.13/Engine/Plugins/Runtime/Analytics/FileLogging/FileLogging.uplugin
LogPluginManager: Loaded Plugin Flurry, From C:/Program Files/Epic Games/4.13/Engine/Plugins/Runtime/Analytics/Flurry/Flurry.uplugin
LogPluginManager: Loaded Plugin AndroidDeviceProfileSelector, From C:/Program Files/Epic Games/4.13/Engine/Plugins/Runtime/AndroidDeviceProfileSelector/AndroidDeviceProfileSelector.uplugin
LogPluginManager: Loaded Plugin AndroidMoviePlayer, From C:/Program Files/Epic Games/4.13/Engine/Plugins/Runtime/AndroidMoviePlayer/AndroidMoviePlayer.uplugin
LogPluginManager: Loaded Plugin AppleMoviePlayer, From C:/Program Files/Epic Games/4.13/Engine/Plugins/Runtime/AppleMoviePlayer/AppleMoviePlayer.uplugin
LogPluginManager: Loaded Plugin ArchVisCharacter, From C:/Program Files/Epic Games/4.13/Engine/Plugins/Runtime/ArchVisCharacter/ArchVisCharacter.uplugin
LogPluginManager: Loaded Plugin CableComponent, From C:/Program Files/Epic Games/4.13/Engine/Plugins/Runtime/CableComponent/CableComponent.uplugin
LogPluginManager: Loaded Plugin CustomMeshComponent, From C:/Program Files/Epic Games/4.13/Engine/Plugins/Runtime/CustomMeshComponent/CustomMeshComponent.uplugin
LogPluginManager: Loaded Plugin ExampleDeviceProfileSelector, From C:/Program Files/Epic Games/4.13/Engine/Plugins/Runtime/ExampleDeviceProfileSelector/ExampleDeviceProfileSelector.uplugin
LogPluginManager: Loaded Plugin GearVR, From C:/Program Files/Epic Games/4.13/Engine/Plugins/Runtime/GearVR/GearVR.uplugin
LogPluginManager: Loaded Plugin GoogleVRController, From C:/Program Files/Epic Games/4.13/Engine/Plugins/Runtime/GoogleVR/GoogleVRController/GoogleVRController.uplugin
LogPluginManager: Loaded Plugin GoogleVRHMD, From C:/Program Files/Epic Games/4.13/Engine/Plugins/Runtime/GoogleVR/GoogleVRHMD/GoogleVRHMD.uplugin
LogPluginManager: Loaded Plugin IOSDeviceProfileSelector, From C:/Program Files/Epic Games/4.13/Engine/Plugins/Runtime/IOSDeviceProfileSelector/IOSDeviceProfileSelector.uplugin
LogPluginManager: Loaded Plugin LeapMotion, From C:/Program Files/Epic Games/4.13/Engine/Plugins/Runtime/LeapMotion/LeapMotion.uplugin
LogPluginManager: Loaded Plugin LinuxDeviceProfileSelector, From C:/Program Files/Epic Games/4.13/Engine/Plugins/Runtime/LinuxDeviceProfileSelector/LinuxDeviceProfileSelector.uplugin
LogPluginManager: Loaded Plugin LiveEditorListenServer, From C:/Program Files/Epic Games/4.13/Engine/Plugins/Runtime/LiveEditorListenServer/LiveEditorListenServer.uplugin
LogPluginManager: Loaded Plugin OculusAudio, From C:/Program Files/Epic Games/4.13/Engine/Plugins/Runtime/OculusAudio/OculusAudio.uplugin
LogPluginManager: Loaded Plugin OculusInput, From C:/Program Files/Epic Games/4.13/Engine/Plugins/Runtime/OculusInput/OculusInput.uplugin
LogPluginManager: Loaded Plugin OculusLibrary, From C:/Program Files/Epic Games/4.13/Engine/Plugins/Runtime/OculusLibrary/OculusLibrary.uplugin
LogPluginManager: Loaded Plugin OculusRift, From C:/Program Files/Epic Games/4.13/Engine/Plugins/Runtime/OculusRift/OculusRift.uplugin
LogPluginManager: Loaded Plugin Oodle, From C:/Program Files/Epic Games/4.13/Engine/Plugins/Runtime/PacketHandlers/CompressionComponents/Oodle/Oodle.uplugin
LogPluginManager: Loaded Plugin ProceduralMeshComponent, From C:/Program Files/Epic Games/4.13/Engine/Plugins/Runtime/ProceduralMeshComponent/ProceduralMeshComponent.uplugin
LogPluginManager: Loaded Plugin SoundMod, From C:/Program Files/Epic Games/4.13/Engine/Plugins/Runtime/SoundMod/SoundMod.uplugin
LogPluginManager: Loaded Plugin SoundVisualizations, From C:/Program Files/Epic Games/4.13/Engine/Plugins/Runtime/SoundVisualizations/SoundVisualizations.uplugin
LogPluginManager: Loaded Plugin SteamController, From C:/Program Files/Epic Games/4.13/Engine/Plugins/Runtime/Steam/SteamController/SteamController.uplugin
LogPluginManager: Loaded Plugin SteamVR, From C:/Program Files/Epic Games/4.13/Engine/Plugins/Runtime/Steam/SteamVR/SteamVR.uplugin
LogPluginManager: Loaded Plugin WebBrowserWidget, From C:/Program Files/Epic Games/4.13/Engine/Plugins/Runtime/WebBrowserWidget/WebBrowserWidget.uplugin
LogPluginManager: Loaded Plugin WindowsDeviceProfileSelector, From C:/Program Files/Epic Games/4.13/Engine/Plugins/Runtime/WindowsDeviceProfileSelector/WindowsDeviceProfileSelector.uplugin
LogPluginManager: Loaded Plugin WindowsMoviePlayer, From C:/Program Files/Epic Games/4.13/Engine/Plugins/Runtime/WindowsMoviePlayer/WindowsMoviePlayer.uplugin
LogPluginManager: Loaded Plugin ScriptPlugin, From C:/Program Files/Epic Games/4.13/Engine/Plugins/ScriptPlugin/ScriptPlugin.uplugin
LogPluginManager: Loaded Plugin SlateRemote, From C:/Program Files/Epic Games/4.13/Engine/Plugins/Slate/SlateRemote/SlateRemote.uplugin
LogInit: Using libcurl 7.47.1
LogInit:  - built for x86_64-pc-win32
LogInit:  - supports SSL with WinSSL
LogInit:  - other features:
LogInit:      CURL_VERSION_SSL
LogInit:      CURL_VERSION_IPV6
LogInit:      CURL_VERSION_ASYNCHDNS
LogInit:      CURL_VERSION_LARGEFILE
LogInit:      CURL_VERSION_IDN
LogInit:  CurlRequestOptions (configurable via config and command line):
LogInit:  - bVerifyPeer = false  - Libcurl will NOT verify peer certificate
LogInit:  - bUseHttpProxy = false  - Libcurl will NOT use HTTP proxy
LogInit:  - bDontReuseConnections = false  - Libcurl will reuse connections
LogInit:  - CertBundlePath = nullptr  - Libcurl will use whatever was configured at build time.
LogInit: Build: ++UE4+Release-4.13-CL-3172292
LogInit: Engine Version: 4.13.2-3172292+++UE4+Release-4.13
LogInit: Compatible Engine Version: 4.13.0-3106830+++UE4+Release-4.13
LogInit: Net CL: 3172292
LogDevObjectVersion: Number of dev versions registered: 13
LogDevObjectVersion:   Dev-Blueprints (B0D832E4-1F89-4F0D-ACCF-7EB736FD4AA2): 5
LogDevObjectVersion:   Dev-Build (E1C64328-A22C-4D53-A36C-8E866417BD8C): 0
LogDevObjectVersion:   Dev-Core (375EC13C-06E4-48FB-B500-84F0262A717E): 1
LogDevObjectVersion:   Dev-Editor (E4B068ED-F494-42E9-A231-DA0B2E46BB41): 6
LogDevObjectVersion:   Dev-Framework (CFFC743F-43B0-4480-9391-14DF171D2073): 12
LogDevObjectVersion:   Dev-Mobile (B02B49B5-BB20-44E9-A304-32B752E40360): 0
LogDevObjectVersion:   Dev-Networking (A4E4105C-59A1-49B5-A7C5-40C4547EDFEE): 0
LogDevObjectVersion:   Dev-Online (39C831C9-5AE6-47DC-9A44-9C173E1C8E7C): 0
LogDevObjectVersion:   Dev-Physics (78F01B33-EBEA-4F98-B9B4-84EACCB95AA2): 0
LogDevObjectVersion:   Dev-Platform (6631380F-2D4D-43E0-8009-CF276956A95A): 0
LogDevObjectVersion:   Dev-Rendering (12F88B9F-8875-4AFC-A67C-D90C383ABD29): 4
LogDevObjectVersion:   Dev-Sequencer (7B5AE74C-D270-4C10-A958-57980B212A5A): 0
LogDevObjectVersion:   Dev-VR (D7296918-1DD6-4BDD-9DE2-64A83CC13884): 0
LogInit: Compiled (64-bit): Oct 24 2016 14:29:06
LogInit: Compiled with Visual C++: 19.00.23026.00
LogInit: Build Configuration: Development
LogInit: Branch Name: ++UE4+Release-4.13
LogInit: Command line:  
LogInit: Base directory: C:/Program Files/Epic Games/4.13/Engine/Binaries/Win64/
LogInit: Installed Engine Build: 1
LogInit: Presizing for max 8388607 objects, including 0 objects not considered by GC, pre-allocating 0 bytes for permanent pool.
LogInit: Object subsystem initialized
[2016.11.19-18.28.23:360][  0]LogInit: Selected Device Profile: [Windows]
[2016.11.19-18.28.23:360][  0]LogInit: Applying CVar settings loaded from the selected device profile: [Windows]
[2016.11.19-18.28.23:419][  0]LogInit: Computer: CECIL
[2016.11.19-18.28.23:419][  0]LogInit: User: User
[2016.11.19-18.28.23:419][  0]LogInit: CPU Page size=65536, Cores=4
[2016.11.19-18.28.23:419][  0]LogInit: High frequency timer resolution =3.320927 MHz
[2016.11.19-18.28.23:419][  0]LogMemory: Memory total: Physical=12.0GB (12GB approx)
[2016.11.19-18.28.23:419][  0]LogMemory: Platform Memory Stats for Windows
[2016.11.19-18.28.23:419][  0]LogMemory: Process Physical Memory: 255.31 MB used, 255.31 MB peak
[2016.11.19-18.28.23:419][  0]LogMemory: Process Virtual Memory: 260.00 MB used, 260.00 MB peak
[2016.11.19-18.28.23:419][  0]LogMemory: Physical Memory: 4209.80 MB used, 12259.03 MB total
[2016.11.19-18.28.23:419][  0]LogMemory: Virtual Memory: 621.72 MB used, 134217728.00 MB total
[2016.11.19-18.28.23:722][  0]LogTextLocalizationManager: No specific translations for ('en-US') exist, so ('en') translations will be used.
[2016.11.19-18.28.26:968][  0]LogD3D11RHI: D3D11 adapters:
[2016.11.19-18.28.27:008][  0]LogD3D11RHI:    0. 'NVIDIA GeForce GTX 750 Ti' (Feature Level 11_0)
[2016.11.19-18.28.27:008][  0]LogD3D11RHI:       2016/0/6129 MB DedicatedVideo/DedicatedSystem/SharedSystem, Outputs:2, VendorId:0x10de
[2016.11.19-18.28.27:009][  0]LogD3D11RHI:    1. 'Microsoft Basic Render Driver' (Feature Level 11_0)
[2016.11.19-18.28.27:009][  0]LogD3D11RHI:       0/0/6129 MB DedicatedVideo/DedicatedSystem/SharedSystem, Outputs:0, VendorId:0x1414
[2016.11.19-18.28.27:010][  0]LogD3D11RHI: Chosen D3D11 Adapter: 0
[2016.11.19-18.28.27:017][  0]LogD3D11RHI: Creating new Direct3DDevice
[2016.11.19-18.28.27:017][  0]LogD3D11RHI:     GPU DeviceId: 0x1380 (for the marketing name, search the web for "GPU Device Id")
[2016.11.19-18.28.27:017][  0]LogWindows: EnumDisplayDevices:
[2016.11.19-18.28.27:018][  0]LogWindows:    0. 'NVIDIA GeForce GTX 750 Ti' (P:0 D:1)
[2016.11.19-18.28.27:018][  0]LogWindows:    1. 'NVIDIA GeForce GTX 750 Ti' (P:1 D:1)
[2016.11.19-18.28.27:018][  0]LogWindows:    2. 'NVIDIA GeForce GTX 750 Ti' (P:0 D:0)
[2016.11.19-18.28.27:018][  0]LogWindows:    3. 'NVIDIA GeForce GTX 750 Ti' (P:0 D:0)
[2016.11.19-18.28.27:019][  0]LogWindows: DebugString: FoundDriverCount:4 
[2016.11.19-18.28.27:019][  0]LogD3D11RHI:     Adapter Name: NVIDIA GeForce GTX 750 Ti
[2016.11.19-18.28.27:019][  0]LogD3D11RHI:   Driver Version: 372.90 (internal:21.21.13.7290, unified:372.90)
[2016.11.19-18.28.27:019][  0]LogD3D11RHI:      Driver Date: 9-16-2016
[2016.11.19-18.28.27:019][  0]LogRHI: Texture pool is 1361 MB (70% of 1945 MB)
[2016.11.19-18.28.27:040][  0]LogD3D11RHI: Async texture creation enabled
[2016.11.19-18.28.27:064][  0]LogD3D11RHI: GPU Timing Frequency: 1000.000000 (Debug: 2 1)
[2016.11.19-18.28.27:071][  0]LogShaderCompilers: Guid format shader working directory is 20 characters bigger than the processId version (F:/Unreal Projects/Imaluk/Intermediate/Shaders/WorkingDirectory/8396/).
[2016.11.19-18.28.27:071][  0]LogShaderCompilers: Cleaned the shader compiler working directory 'C:/Users/User/AppData/Local/Temp/UnrealShaderWorkingDir/51159992447E3045EEAD0E84CCD0AB45/'.
[2016.11.19-18.28.27:071][  0]LogShaderCompilers:Display: Using Local Shader Compiler.
[2016.11.19-18.28.30:482][  0]LogTemp:Display: Loaded TP AllDesktopTargetPlatform
[2016.11.19-18.28.30:495][  0]LogTemp:Display: Loaded TP WindowsClientTargetPlatform
[2016.11.19-18.28.30:506][  0]LogTemp:Display: Loaded TP WindowsNoEditorTargetPlatform
[2016.11.19-18.28.30:522][  0]LogTemp:Display: Loaded TP WindowsServerTargetPlatform
[2016.11.19-18.28.30:533][  0]LogTemp:Display: Loaded TP WindowsTargetPlatform
[2016.11.19-18.28.30:548][  0]LogTemp:Display: Loaded TP AndroidTargetPlatform
[2016.11.19-18.28.30:559][  0]LogTemp:Display: Loaded TP Android_ASTCTargetPlatform
[2016.11.19-18.28.30:570][  0]LogTemp:Display: Loaded TP Android_ATCTargetPlatform
[2016.11.19-18.28.30:581][  0]LogTemp:Display: Loaded TP Android_DXTTargetPlatform
[2016.11.19-18.28.30:591][  0]LogTemp:Display: Loaded TP Android_ETC1TargetPlatform
[2016.11.19-18.28.30:603][  0]LogTemp:Display: Loaded TP Android_ETC2TargetPlatform
[2016.11.19-18.28.30:626][  0]LogTemp:Display: Loaded TP Android_MultiTargetPlatform
[2016.11.19-18.28.30:626][  0]LogTemp:Display: Loaded TP Android_PVRTCTargetPlatform
[2016.11.19-18.28.30:627][  0]LogTemp:Display: Loaded TP HTML5TargetPlatform
[2016.11.19-18.28.30:698][  0]LogTemp:Display: Loaded TP IOSTargetPlatform
[2016.11.19-18.28.30:709][  0]LogTemp:Display: Loaded TP TVOSTargetPlatform
[2016.11.19-18.28.30:718][  0]LogTemp:Display: Loaded TP LinuxClientTargetPlatform
[2016.11.19-18.28.30:730][  0]LogTemp:Display: Loaded TP LinuxNoEditorTargetPlatform
[2016.11.19-18.28.30:741][  0]LogTemp:Display: Loaded TP LinuxServerTargetPlatform
[2016.11.19-18.28.30:756][  0]LogTemp:Display: Loaded TP LinuxTargetPlatform
[2016.11.19-18.28.30:756][  0]LogTargetPlatformManager:Display: Building Assets For Windows
[2016.11.19-18.28.31:289][  0]LogDerivedDataCache:Display: Max Cache Size: 512 MB
[2016.11.19-18.28.31:638][  0]LogDerivedDataCache: Loaded boot cache 0.35s 62MB C:/Users/User/AppData/Local/UnrealEngine/4.13/DerivedDataCache/Boot.ddc.
[2016.11.19-18.28.31:638][  0]LogDerivedDataCache:Display: Loaded Boot cache: C:/Users/User/AppData/Local/UnrealEngine/4.13/DerivedDataCache/Boot.ddc
[2016.11.19-18.28.31:639][  0]LogDerivedDataCache: FDerivedDataBackendGraph:  Pak pak cache file F:/Unreal Projects/Imaluk/DerivedDataCache/DDC.ddp not found, will not use a pak cache.
[2016.11.19-18.28.31:639][  0]LogDerivedDataCache: Unable to find inner node Pak for hierarchical cache Hierarchy.
[2016.11.19-18.28.31:639][  0]LogDerivedDataCache: FDerivedDataBackendGraph:  CompressedPak pak cache file F:/Unreal Projects/Imaluk/DerivedDataCache/Compressed.ddp not found, will not use a pak cache.
[2016.11.19-18.28.31:639][  0]LogDerivedDataCache: Unable to find inner node CompressedPak for hierarchical cache Hierarchy.
[2016.11.19-18.28.31:672][  0]LogDerivedDataCache:Display: Pak cache opened for reading ../../../Engine/DerivedDataCache/Compressed.ddp.
[2016.11.19-18.28.31:685][  0]LogDerivedDataCache: Using Local data cache path C:/Users/User/AppData/Local/UnrealEngine/Common/DerivedDataCache: Writable
[2016.11.19-18.28.36:226][  0]LogInit: Selected Device Profile: [Windows]
[2016.11.19-18.28.36:240][  0]LogContentStreaming: Texture pool size is 0.00 MB
[2016.11.19-18.28.36:385][  0]LogMeshUtilities: No automatic mesh reduction module available
[2016.11.19-18.28.36:386][  0]LogMeshUtilities: No automatic mesh merging module available
[2016.11.19-18.28.36:386][  0]LogMeshUtilities: No distributed automatic mesh merging module available
[2016.11.19-18.28.36:704][  0]LogMaterial: Uniform references updated for custom material expression Custom.
[2016.11.19-18.28.37:762][  0]LogNetVersion: GetLocalNetworkVersion: CL: 3106830, ProjectName: imaluk, ProjectVersion: , EngineNetworkVersion: 1, GameNetworkVersion: 0, NetworkChecksum: 3747946905
[2016.11.19-18.28.37:829][  0]LogAssetRegistry: FAssetRegistry took 0.0216 seconds to start up
[2016.11.19-18.28.37:900][  0]LogPackageLocalizationCache: Processed 3 localized package path(s) for 2 prioritized culture(s) in 0.064059 seconds
[2016.11.19-18.28.37:909][  0]LogUObjectArray: 29738 objects as part of root set at end of initial load.
[2016.11.19-18.28.37:909][  0]LogUObjectAllocator: 6114928 out of 0 bytes used by permanent object pool.
[2016.11.19-18.28.37:909][  0]LogUObjectArray: CloseDisregardForGC: 0/0 objects in disregard for GC pool
[2016.11.19-18.28.37:924][  0]LogInit: WinSock: version 1.1 (2.2), MaxSocks=32767, MaxUdp=65467
[2016.11.19-18.28.38:706][  0]LogSlate: SlateFontCache - WITH_FREETYPE: 1, WITH_HARFBUZZ: 1
[2016.11.19-18.28.38:707][  0]LogSlate: SlateFontCache - WITH_FREETYPE: 1, WITH_HARFBUZZ: 1
[2016.11.19-18.28.41:390][  0]LogTcpMessaging: Initializing TcpMessaging bridge
[2016.11.19-18.28.41:419][  0]LogUdpMessaging: Initializing bridge on interface 0.0.0.0:0 to multicast group 230.0.0.1:6666.
[2016.11.19-18.28.42:003][  0]SourceControl: Info Source control is disabled
[2016.11.19-18.28.43:746][  0]LogEngine: Initializing Engine...
[2016.11.19-18.28.44:121][  0]LogAIModule: Creating AISystem for world Untitled
[2016.11.19-18.28.44:145][  0]LogInit: XAudio2 using 'Speakers (ASUS Xonar DG Audio Device)' : 2 channels at 44.1 kHz using 16 bits per sample (channel mask 0x3)
[2016.11.19-18.28.44:159][  0]LogInit: FAudioDevice initialized.
[2016.11.19-18.28.44:233][  0]LogDerivedDataCache: Saved boot cache 0.07s 62MB C:/Users/User/AppData/Local/UnrealEngine/4.13/DerivedDataCache/Boot.ddc.
[2016.11.19-18.28.44:260][  0]LogInit: Texture streaming: Enabled
[2016.11.19-18.28.44:369][  0]LogInit: Transaction tracking system initialized
[2016.11.19-18.28.44:426][  0]BlueprintLog: New page: Editor Load
[2016.11.19-18.28.44:611][  0]LocalizationService: Info Localization service is disabled
[2016.11.19-18.28.44:789][  0]LogConsoleResponse:Display: 
[2016.11.19-18.28.45:383][  0]LogCook:Display: Max memory allowance for cook 16384mb min free memory 0mb
[2016.11.19-18.28.45:383][  0]LogCook:Display: Mobile HDR setting 0
[2016.11.19-18.28.46:014][  0]LogFileCache: Scanning file cache for directory 'F:/Unreal Projects/Imaluk/Content/' took 0.03s
[2016.11.19-18.28.46:016][  0]Cmd: MAP LOAD FILE="F:/Unreal Projects/Imaluk/Content/Maps/defaultLevel.umap" TEMPLATE=0 SHOWPROGRESS=1 FEATURELEVEL=3
[2016.11.19-18.28.46:027][  0]LightingResults: New page: Lighting Build
[2016.11.19-18.28.46:035][  0]MapCheck: New page: Map Check
[2016.11.19-18.28.46:035][  0]LightingResults: New page: Lighting Build
[2016.11.19-18.28.46:785][  0]LogAIModule: Creating AISystem for world defaultLevel
[2016.11.19-18.28.47:132][  0]LogEditorServer: Finished looking for orphan Actors (0.000 secs)
[2016.11.19-18.28.47:136][  0]Cmd: MAP CHECKDEP NOCLEARLOG
[2016.11.19-18.28.47:203][  0]MapCheck: Info Map check complete: 0 Error(s), 0 Warning(s), took 66.183ms to complete.
[2016.11.19-18.28.47:203][  0]LogFileHelpers: Loading map 'defaultLevel' took 1.188
[2016.11.19-18.28.47:451][  0]LogCollectionManager: Loaded 0 collections in 0.003403 seconds
[2016.11.19-18.28.47:515][  0]LogFileCache: Scanning file cache for directory 'F:/Unreal Projects/Imaluk/Saved/Collections/' took 0.01s
[2016.11.19-18.28.47:516][  0]LogFileCache: Scanning file cache for directory 'F:/Unreal Projects/Imaluk/Content/Developers/User/Collections/' took 0.01s
[2016.11.19-18.28.47:516][  0]LogFileCache: Scanning file cache for directory 'F:/Unreal Projects/Imaluk/Content/Collections/' took 0.01s
[2016.11.19-18.28.47:516][  0]LogCollectionManager: Rebuilt the GUID cache for 0 collections in 0.000004 seconds
[2016.11.19-18.28.47:536][  0]LogContentBrowser: Native class hierarchy populated in 0.0182 seconds. Added 2136 classes and 403 folders.
[2016.11.19-18.28.47:548][  0]LogStats: UGameplayTagsManager::ConstructGameplayTagTree: Construct from data asset -  0.000 s
[2016.11.19-18.28.47:549][  0]LogStats: UGameplayTagsManager::ConstructGameplayTagTree: GameplayTagTreeChangedEvent.Broadcast -  0.000 s
[2016.11.19-18.28.47:550][  0]LogContentBrowser: Native class hierarchy updated for 'GameplayTags' in 0.0007 seconds. Added 12 classes and 0 folders.
[2016.11.19-18.28.47:558][  0]LogContentBrowser: Native class hierarchy updated for 'WidgetCarousel' in 0.0005 seconds. Added 0 classes and 0 folders.
[2016.11.19-18.28.47:987][  0]LogContentBrowser: Native class hierarchy updated for 'AddContentDialog' in 0.0006 seconds. Added 0 classes and 0 folders.
[2016.11.19-18.28.47:996][  0]LogContentBrowser: Native class hierarchy updated for 'SceneOutliner' in 0.0008 seconds. Added 1 classes and 2 folders.
[2016.11.19-18.28.48:037][  0]LogCrashTracker: Crashtracker disabled due to settings.
[2016.11.19-18.28.48:046][  0]LogUObjectGlobals:Warning: Failed to find object 'Class None.'
[2016.11.19-18.28.48:082][  0]LogContentBrowser: Native class hierarchy updated for 'HierarchicalLODOutliner' in 0.0007 seconds. Added 1 classes and 2 folders.
[2016.11.19-18.28.48:082][  0]LogLoad: (Engine Initialization) Total time: 27.89 seconds
[2016.11.19-18.28.48:082][  0]LogLoad: (Engine Initialization) Total Blueprint compile time: 0.15 seconds
[2016.11.19-18.28.48:082][  0]LogExternalProfiler: Found external profiler: VSPerf
[2016.11.19-18.28.48:082][  0]LogExternalProfiler: Using external profiler: VSPerf
[2016.11.19-18.28.48:092][  0]LogWindowsTextInputMethodSystem:Display: IME system now deactivated.
[2016.11.19-18.28.48:093][  0]LogWindowsTextInputMethodSystem:Display: IME system now deactivated.
[2016.11.19-18.28.48:115][  0]SourceControl: Info On branch master
[2016.11.19-18.28.48:115][  0]SourceControl: Info Your branch is ahead of 'origin/master' by 3 commits.
[2016.11.19-18.28.48:115][  0]SourceControl: Info   (use "git push" to publish your local commits)
[2016.11.19-18.28.48:115][  0]SourceControl: Info Changes not staged for commit:
[2016.11.19-18.28.48:115][  0]SourceControl: Info   (use "git add/rm <file>..." to update what will be committed)
[2016.11.19-18.28.48:115][  0]SourceControl: Info   (use "git checkout -- <file>..." to discard changes in working directory)
[2016.11.19-18.28.48:115][  0]SourceControl: Info 	modified:   Content/Assets/Sprites/2by2-glacier.uasset
[2016.11.19-18.28.48:115][  0]SourceControl: Info 	modified:   Intermediate/CachedAssetRegistry.bin
[2016.11.19-18.28.48:115][  0]SourceControl: Info 	modified:   Intermediate/ReimportCache/3688439234.bin
[2016.11.19-18.28.48:115][  0]SourceControl: Info 	modified:   Saved/AutoScreenshot.png
[2016.11.19-18.28.48:115][  0]SourceControl: Info 	modified:   Saved/Autosaves/Game/Maps/defaultLevel_Auto1.umap
[2016.11.19-18.28.48:115][  0]SourceControl: Info 	modified:   Saved/Autosaves/Game/Maps/defaultLevel_Auto2.umap
[2016.11.19-18.28.48:115][  0]SourceControl: Info 	modified:   Saved/Autosaves/Game/Maps/defaultLevel_Auto3.umap
[2016.11.19-18.28.48:115][  0]SourceControl: Info 	modified:   Saved/Autosaves/Game/Maps/defaultLevel_Auto4.umap
[2016.11.19-18.28.48:115][  0]SourceControl: Info 	modified:   Saved/Autosaves/Game/Maps/defaultLevel_Auto5.umap
[2016.11.19-18.28.48:115][  0]SourceControl: Info 	modified:   Saved/Autosaves/PackageRestoreData.json
[2016.11.19-18.28.48:115][  0]SourceControl: Info 	modified:   Saved/Config/Windows/Editor.ini
[2016.11.19-18.28.48:115][  0]SourceControl: Info 	modified:   Saved/Config/Windows/EditorPerProjectUserSettings.ini
[2016.11.19-18.28.48:115][  0]SourceControl: Info 	modified:   Saved/Config/Windows/Engine.ini
[2016.11.19-18.28.48:115][  0]SourceControl: Info 	modified:   Saved/Config/Windows/SourceControlSettings.ini
[2016.11.19-18.28.48:115][  0]SourceControl: Info 	modified:   Saved/Config/WorldState/2822988471.json
[2016.11.19-18.28.48:115][  0]SourceControl: Info 	deleted:    Saved/Logs/Imaluk-backup-2016.11.07-18.26.09.log
[2016.11.19-18.28.48:115][  0]SourceControl: Info 	deleted:    Saved/Logs/Imaluk-backup-2016.11.07-20.24.21.log
[2016.11.19-18.28.48:115][  0]SourceControl: Info 	deleted:    Saved/Logs/Imaluk-backup-2016.11.10-18.26.49.log
[2016.11.19-18.28.48:115][  0]SourceControl: Info 	deleted:    Saved/Logs/Imaluk-backup-2016.11.12-10.54.44.log
[2016.11.19-18.28.48:115][  0]SourceControl: Info 	deleted:    Saved/Logs/Imaluk-backup-2016.11.12-12.39.47.log
[2016.11.19-18.28.48:115][  0]SourceControl: Info 	deleted:    Saved/Logs/Imaluk-backup-2016.11.12-14.02.46.log
[2016.11.19-18.28.48:115][  0]SourceControl: Info 	modified:   Saved/Logs/Imaluk.log
[2016.11.19-18.28.48:115][  0]SourceControl: Info 	deleted:    Saved/Logs/Imaluk_2-backup-2016.11.07-20.25.54.log
[2016.11.19-18.28.48:115][  0]SourceControl: Info 	deleted:    Saved/Logs/UE4CC-Windows-3878ED8647DBF3EDCD2E90880B8B8F44/CrashReportClient.ini
[2016.11.19-18.28.48:115][  0]SourceControl: Info 	deleted:    Saved/Logs/UE4CC-Windows-39CC029F4698B1BCC00E25A59C2E0DA9/CrashReportClient.ini
[2016.11.19-18.28.48:115][  0]SourceControl: Info 	deleted:    Saved/Logs/UE4CC-Windows-7F954CC54B9127810C615BAF7B37432A/CrashReportClient.ini
[2016.11.19-18.28.48:115][  0]SourceControl: Info 	deleted:    Saved/Logs/UE4CC-Windows-8CDC42074C5D7D1FEDE4F899643D23D4/CrashReportClient.ini
[2016.11.19-18.28.48:115][  0]SourceControl: Info 	deleted:    Saved/Logs/UE4CC-Windows-8F1E9D614562B8C8C624AE99D8831B7D/CrashReportClient.ini
[2016.11.19-18.28.48:115][  0]SourceControl: Info 	deleted:    Saved/Logs/UE4CC-Windows-906E89384EE43319B82E6C9180F58E81/CrashReportClient.ini
[2016.11.19-18.28.48:115][  0]SourceControl: Info 	deleted:    Saved/Logs/UE4CC-Windows-91A3305F434C6B97DF515ABD9DA8854B/CrashReportClient.ini
[2016.11.19-18.28.48:116][  0]SourceControl: Info 	deleted:    Saved/Logs/UE4CC-Windows-BB17EAC444F909C6AECAE986BC76692B/CrashReportClient.ini
[2016.11.19-18.28.48:116][  0]SourceControl: Info 	deleted:    Saved/Logs/UE4CC-Windows-BB17EAC444F909C6AECAE986BC76692B_0000/CrashContext.runtime-xml
[2016.11.19-18.28.48:116][  0]SourceControl: Info 	deleted:    Saved/Logs/UE4CC-Windows-BB17EAC444F909C6AECAE986BC76692B_0000/UE4Minidump.dmp
[2016.11.19-18.28.48:116][  0]SourceControl: Info Untracked files:
[2016.11.19-18.28.48:116][  0]SourceControl: Info   (use "git add <file>..." to include in what will be committed)
[2016.11.19-18.28.48:116][  0]SourceControl: Info 	Content/MobileStarterContent/
[2016.11.19-18.28.48:116][  0]SourceControl: Info 	Saved/Autosaves/Game/Blueprints/Imaluk_GameMode_Auto3.uasset
[2016.11.19-18.28.48:116][  0]SourceControl: Info 	Saved/Autosaves/Game/Blueprints/Imaluk_GameMode_Auto4.uasset
[2016.11.19-18.28.48:116][  0]SourceControl: Info 	Saved/Autosaves/Game/Blueprints/Imaluk_GameMode_Auto5.uasset
[2016.11.19-18.28.48:116][  0]SourceControl: Info 	Saved/Backup/2by2-glacier_2016-11-12-16-16-50.uasset
[2016.11.19-18.28.48:116][  0]SourceControl: Info 	Saved/Backup/BP_2x1Piece_2016-11-12-17-49-28.uasset
[2016.11.19-18.28.48:116][  0]SourceControl: Info 	Saved/Backup/BP_2x2Piece_2016-11-12-17-50-38.uasset
[2016.11.19-18.28.48:116][  0]SourceControl: Info 	Saved/Backup/BP_2x3Piece_2016-11-12-17-50-10.uasset
[2016.11.19-18.28.48:116][  0]SourceControl: Info 	Saved/Backup/BP_3x1Piece_2016-11-12-17-46-02.uasset
[2016.11.19-18.28.48:116][  0]SourceControl: Info 	Saved/Backup/BP_3x1Piece_2016-11-12-17-52-25.uasset
[2016.11.19-18.28.48:116][  0]SourceControl: Info 	Saved/Backup/BP_grid_piece_2016-11-12-17-26-52.uasset
[2016.11.19-18.28.48:116][  0]SourceControl: Info 	Saved/Backup/Floor_400x400_2016-11-12-16-43-47.uasset
[2016.11.19-18.28.48:116][  0]SourceControl: Info 	Saved/Backup/Imaluk_GameMode_2016-11-12-17-11-56.uasset
[2016.11.19-18.28.48:116][  0]SourceControl: Info 	Saved/Backup/Imaluk_GameMode_2016-11-12-17-21-36.uasset
[2016.11.19-18.28.48:116][  0]SourceControl: Info 	Saved/Backup/Imaluk_GameMode_2016-11-12-17-35-36.uasset
[2016.11.19-18.28.48:116][  0]SourceControl: Info 	Saved/Backup/Imaluk_GameMode_2016-11-12-17-50-40.uasset
[2016.11.19-18.28.48:116][  0]SourceControl: Info 	Saved/Backup/Imaluk_GameMode_2016-11-12-17-56-52.uasset
[2016.11.19-18.28.48:116][  0]SourceControl: Info 	Saved/Backup/defaultLevel_2016-11-12-16-45-46.umap
[2016.11.19-18.28.48:116][  0]SourceControl: Info 	Saved/Backup/defaultLevel_2016-11-12-16-58-39.umap
[2016.11.19-18.28.48:116][  0]SourceControl: Info 	Saved/Backup/defaultLevel_2016-11-12-17-11-55.umap
[2016.11.19-18.28.48:116][  0]SourceControl: Info 	Saved/Backup/defaultLevel_2016-11-12-17-23-04.umap
[2016.11.19-18.28.48:116][  0]SourceControl: Info 	Saved/Backup/defaultLevel_2016-11-12-17-35-36.umap
[2016.11.19-18.28.48:116][  0]SourceControl: Info 	Saved/Backup/defaultLevel_2016-11-12-17-56-51.umap
[2016.11.19-18.28.48:116][  0]SourceControl: Info 	Saved/Logs/Imaluk-backup-2016.11.19-12.28.22.log
[2016.11.19-18.28.48:116][  0]SourceControl: Info 	Saved/Logs/UE4CC-Windows-FE79B2BC412D79A1A34AB4883E5BE97D/
[2016.11.19-18.28.48:116][  0]SourceControl: Info no changes added to commit (use "git add" and/or "git commit -a")
[2016.11.19-18.28.48:117][  0]LogContentStreaming: Texture pool size now 800 MB
[2016.11.19-18.28.48:433][  0]LogRenderer: Reallocating scene render targets to support 1140x584 (Frame:2).
[2016.11.19-18.28.48:574][  2]LogAssetRegistry: Asset discovery search completed in 10.7662 seconds
[2016.11.19-18.28.48:574][  2]LogCollectionManager: Rebuilt the object cache for 0 collections in 0.000001 seconds (found 0 objects)
[2016.11.19-18.28.48:575][  2]LogCollectionManager: Fixed up redirectors for 0 collections in 0.000366 seconds (updated 0 objects)
[2016.11.19-18.29.00:069][270]LogWindowsTextInputMethodSystem:Display: IME system now deactivated.
[2016.11.19-18.29.00:070][270]LogWindowsTextInputMethodSystem:Display: IME system now deactivated.
[2016.11.19-18.29.00:316][271]Cmd: QUIT_EDITOR
[2016.11.19-18.29.00:387][271]LogExit: Preparing to exit.
[2016.11.19-18.29.01:597][271]LogExit: Editor shut down
[2016.11.19-18.29.01:598][271]LogExit: Transaction tracking system shut down
[2016.11.19-18.29.01:794][271]LogObj: Freed 0b from 0 cluster array pools.
[2016.11.19-18.29.01:794][271]LogExit: Object subsystem successfully closed.
[2016.11.19-18.29.01:828][271]LogD3D11RHI: Shutdown
[2016.11.19-18.29.01:828][271]LogD3D11RHI: CleanupD3DDevice
[2016.11.19-18.29.01:918][271]LogD3D11RHI: ~FD3D11DynamicRHI
[2016.11.19-18.29.01:951][271]LogModuleManager: Shutting down and abandoning module HierarchicalLODOutliner (227)
[2016.11.19-18.29.01:951][271]LogModuleManager: Shutting down and abandoning module CrashTracker (226)
[2016.11.19-18.29.01:951][271]LogModuleManager: Shutting down and abandoning module SceneOutliner (225)
[2016.11.19-18.29.01:952][271]LogModuleManager: Shutting down and abandoning module WidgetCarousel (224)
[2016.11.19-18.29.01:952][271]LogModuleManager: Shutting down and abandoning module AddContentDialog (223)
[2016.11.19-18.29.01:952][271]LogDirectoryWatcher: A directory notification for 'C:/Program Files/Epic Games/4.13/FeaturePacks/' was aborted.
[2016.11.19-18.29.01:954][271]LogModuleManager: Shutting down and abandoning module GameplayTags (222)
[2016.11.19-18.29.01:954][271]LogModuleManager: Shutting down and abandoning module EditorWidgets (221)
[2016.11.19-18.29.01:954][271]LogModuleManager: Shutting down and abandoning module CollectionManager (220)
[2016.11.19-18.29.01:954][271]LogDirectoryWatcher: A directory notification for 'F:/Unreal Projects/Imaluk/Content/Collections/' was aborted.
[2016.11.19-18.29.01:954][271]LogDirectoryWatcher: A directory notification for 'F:/Unreal Projects/Imaluk/Content/Developers/User/Collections/' was aborted.
[2016.11.19-18.29.01:954][271]LogDirectoryWatcher: A directory notification for 'F:/Unreal Projects/Imaluk/Saved/Collections/' was aborted.
[2016.11.19-18.29.01:954][271]LogModuleManager: Shutting down and abandoning module StatsViewer (219)
[2016.11.19-18.29.01:955][271]LogModuleManager: Shutting down and abandoning module FoliageEdit (218)
[2016.11.19-18.29.01:955][271]LogModuleManager: Shutting down and abandoning module LandscapeEditor (217)
[2016.11.19-18.29.01:956][271]LogModuleManager: Shutting down and abandoning module SceneDepthPickerMode (216)
[2016.11.19-18.29.01:956][271]LogModuleManager: Shutting down and abandoning module ActorPickerMode (215)
[2016.11.19-18.29.01:956][271]LogModuleManager: Shutting down and abandoning module GeometryMode (214)
[2016.11.19-18.29.01:956][271]LogModuleManager: Shutting down and abandoning module TextureAlignMode (213)
[2016.11.19-18.29.01:956][271]LogModuleManager: Shutting down and abandoning module BspMode (212)
[2016.11.19-18.29.01:956][271]LogModuleManager: Shutting down and abandoning module HardwareSurvey (211)
[2016.11.19-18.29.01:956][271]LogModuleManager: Shutting down and abandoning module SequenceRecorderSections (210)
[2016.11.19-18.29.01:956][271]LogModuleManager: Shutting down and abandoning module SequenceRecorder (209)
[2016.11.19-18.29.01:956][271]LogModuleManager: Shutting down and abandoning module AutomationWorker (208)
[2016.11.19-18.29.01:956][271]LogModuleManager: Shutting down and abandoning module MatineeToLevelSequence (207)
[2016.11.19-18.29.01:956][271]LogModuleManager: Shutting down and abandoning module PlacementMode (206)
[2016.11.19-18.29.01:956][271]LogModuleManager: Shutting down and abandoning module LevelSequenceEditor (205)
[2016.11.19-18.29.01:957][271]LogModuleManager: Shutting down and abandoning module WmfMediaFactory (204)
[2016.11.19-18.29.01:957][271]LogModuleManager: Shutting down and abandoning module WmfMediaEditor (203)
[2016.11.19-18.29.01:957][271]LogModuleManager: Shutting down and abandoning module AvfMediaFactory (202)
[2016.11.19-18.29.01:957][271]LogModuleManager: Shutting down and abandoning module AvfMediaEditor (201)
[2016.11.19-18.29.01:957][271]LogModuleManager: Shutting down and abandoning module Media (200)
[2016.11.19-18.29.01:957][271]LogModuleManager: Shutting down and abandoning module AndroidMediaFactory (199)
[2016.11.19-18.29.01:957][271]LogModuleManager: Shutting down and abandoning module AndroidMediaEditor (198)
[2016.11.19-18.29.01:957][271]LogModuleManager: Shutting down and abandoning module CharacterAI (197)
[2016.11.19-18.29.01:957][271]LogModuleManager: Shutting down and abandoning module SmartSnapping (196)
[2016.11.19-18.29.01:957][271]LogModuleManager: Shutting down and abandoning module SessionServices (195)
[2016.11.19-18.29.01:957][271]LogModuleManager: Shutting down and abandoning module ViewportSnapping (194)
[2016.11.19-18.29.01:957][271]LogModuleManager: Shutting down and abandoning module ViewportInteraction (193)
[2016.11.19-18.29.01:957][271]LogModuleManager: Shutting down and abandoning module LogVisualizer (192)
[2016.11.19-18.29.01:957][271]LogModuleManager: Shutting down and abandoning module GameProjectGeneration (191)
[2016.11.19-18.29.01:959][271]LogModuleManager: Shutting down and abandoning module IntroTutorials (190)
[2016.11.19-18.29.01:959][271]LogModuleManager: Shutting down and abandoning module EditorLiveStreaming (189)
[2016.11.19-18.29.01:959][271]LogModuleManager: Shutting down and abandoning module IOSPlatformEditor (188)
[2016.11.19-18.29.01:959][271]LogModuleManager: Shutting down and abandoning module HTML5PlatformEditor (187)
[2016.11.19-18.29.01:959][271]LogModuleManager: Shutting down and abandoning module AndroidDeviceDetection (186)
[2016.11.19-18.29.02:711][271]LogModuleManager: Shutting down and abandoning module AndroidPlatformEditor (185)
[2016.11.19-18.29.02:711][271]LogModuleManager: Shutting down and abandoning module IOSRuntimeSettings (184)
[2016.11.19-18.29.02:711][271]LogModuleManager: Shutting down and abandoning module AndroidRuntimeSettings (183)
[2016.11.19-18.29.02:711][271]LogModuleManager: Shutting down and abandoning module NiagaraEditor (182)
[2016.11.19-18.29.02:712][271]LogModuleManager: Shutting down and abandoning module MergeActors (181)
[2016.11.19-18.29.02:713][271]LogModuleManager: Shutting down and abandoning module SizeMap (180)
[2016.11.19-18.29.02:713][271]LogModuleManager: Shutting down and abandoning module TreeMap (179)
[2016.11.19-18.29.02:713][271]LogModuleManager: Shutting down and abandoning module ReferenceViewer (178)
[2016.11.19-18.29.02:713][271]LogModuleManager: Shutting down and abandoning module LocalizationService (177)
[2016.11.19-18.29.02:713][271]LogModuleManager: Shutting down and abandoning module LocalizationDashboard (176)
[2016.11.19-18.29.02:713][271]LogModuleManager: Shutting down and abandoning module HardwareTargeting (175)
[2016.11.19-18.29.02:713][271]LogModuleManager: Shutting down and abandoning module DeviceProfileEditor (174)
[2016.11.19-18.29.02:713][271]LogModuleManager: Shutting down and abandoning module UndoHistory (173)
[2016.11.19-18.29.02:713][271]LogModuleManager: Shutting down and abandoning module UserFeedback (172)
[2016.11.19-18.29.02:713][271]LogModuleManager: Shutting down and abandoning module XmlParser (171)
[2016.11.19-18.29.02:713][271]LogModuleManager: Shutting down and abandoning module Blutility (170)
[2016.11.19-18.29.02:713][271]LogModuleManager: Shutting down and abandoning module ProjectTargetPlatformEditor (169)
[2016.11.19-18.29.02:714][271]LogModuleManager: Shutting down and abandoning module ProjectSettingsViewer (168)
[2016.11.19-18.29.02:714][271]LogModuleManager: Shutting down and abandoning module InputBindingEditor (167)
[2016.11.19-18.29.02:715][271]LogModuleManager: Shutting down and abandoning module EditorSettingsViewer (166)
[2016.11.19-18.29.02:715][271]LogModuleManager: Shutting down and abandoning module SettingsEditor (165)
[2016.11.19-18.29.02:715][271]LogModuleManager: Shutting down and abandoning module ProjectLauncher (164)
[2016.11.19-18.29.02:716][271]LogModuleManager: Shutting down and abandoning module SessionFrontend (163)
[2016.11.19-18.29.02:716][271]LogModuleManager: Shutting down and abandoning module ProfilerClient (162)
[2016.11.19-18.29.02:717][271]LogModuleManager: Shutting down and abandoning module TargetDeviceServices (161)
[2016.11.19-18.29.02:717][271]LogModuleManager: Shutting down and abandoning module DeviceManager (160)
[2016.11.19-18.29.02:760][271]LogModuleManager: Shutting down and abandoning module AutomationController (159)
[2016.11.19-18.29.02:760][271]LogModuleManager: Shutting down and abandoning module AutomationWindow (158)
[2016.11.19-18.29.02:760][271]LogModuleManager: Shutting down and abandoning module Layers (157)
[2016.11.19-18.29.02:761][271]LogModuleManager: Shutting down and abandoning module ComponentVisualizers (156)
[2016.11.19-18.29.02:761][271]LogModuleManager: Shutting down and abandoning module DetailCustomizations (155)
[2016.11.19-18.29.02:761][271]LogModuleManager: Shutting down and abandoning module PackagesDialog (154)
[2016.11.19-18.29.02:761][271]LogModuleManager: Shutting down and abandoning module AnimGraph (153)
[2016.11.19-18.29.02:761][271]LogModuleManager: Shutting down and abandoning module Persona (152)
[2016.11.19-18.29.02:763][271]LogModuleManager: Shutting down and abandoning module Kismet (151)
[2016.11.19-18.29.02:764][271]LogModuleManager: Shutting down and abandoning module GraphEditor (150)
[2016.11.19-18.29.02:764][271]LogModuleManager: Shutting down and abandoning module ClassViewer (149)
[2016.11.19-18.29.02:765][271]LogModuleManager: Shutting down and abandoning module Toolbox (148)
[2016.11.19-18.29.02:765][271]LogModuleManager: Shutting down and abandoning module ModuleUI (147)
[2016.11.19-18.29.02:765][271]LogModuleManager: Shutting down and abandoning module MovieSceneTools (146)
[2016.11.19-18.29.02:765][271]LogModuleManager: Shutting down and abandoning module OutputLog (145)
[2016.11.19-18.29.02:766][271]LogModuleManager: Shutting down and abandoning module GammaUI (144)
[2016.11.19-18.29.02:766][271]LogModuleManager: Shutting down and abandoning module Documentation (143)
[2016.11.19-18.29.02:766][271]LogModuleManager: Shutting down and abandoning module Niagara (142)
[2016.11.19-18.29.02:766][271]LogModuleManager: Shutting down and abandoning module StreamingPauseRendering (141)
[2016.11.19-18.29.02:766][271]LogModuleManager: Shutting down and abandoning module AnalyticsET (140)
[2016.11.19-18.29.02:766][271]LogModuleManager: Shutting down and abandoning module PortalServices (139)
[2016.11.19-18.29.02:766][271]LogModuleManager: Shutting down and abandoning module PortalRpc (138)
[2016.11.19-18.29.02:766][271]LogModuleManager: Shutting down and abandoning module MessagingRpc (137)
[2016.11.19-18.29.02:766][271]LogModuleManager: Shutting down and abandoning module GameplayDebugger (136)
[2016.11.19-18.29.02:766][271]LogModuleManager: Shutting down and abandoning module AITestSuite (135)
[2016.11.19-18.29.02:766][271]LogModuleManager: Shutting down and abandoning module AIModule (134)
[2016.11.19-18.29.02:766][271]LogModuleManager: Shutting down and abandoning module ProfilerService (133)
[2016.11.19-18.29.02:900][271]LogModuleManager: Shutting down and abandoning module TaskGraph (132)
[2016.11.19-18.29.02:901][271]LogModuleManager: Shutting down and abandoning module SlateRemote (131)
[2016.11.19-18.29.02:901][271]LogModuleManager: Shutting down and abandoning module ProceduralMeshComponentEditor (130)
[2016.11.19-18.29.02:901][271]LogModuleManager: Shutting down and abandoning module ProceduralMeshComponent (129)
[2016.11.19-18.29.02:901][271]LogModuleManager: Shutting down and abandoning module CustomMeshComponent (128)
[2016.11.19-18.29.02:901][271]LogModuleManager: Shutting down and abandoning module CableComponent (127)
[2016.11.19-18.29.02:901][271]LogModuleManager: Shutting down and abandoning module ArchVisCharacter (126)
[2016.11.19-18.29.02:901][271]LogModuleManager: Shutting down and abandoning module MediaPlayerEditor (124)
[2016.11.19-18.29.02:901][271]LogModuleManager: Shutting down and abandoning module HTML5Networking (123)
[2016.11.19-18.29.02:901][271]LogModuleManager: Shutting down and abandoning module GeometryCacheEd (122)
[2016.11.19-18.29.02:901][271]LogModuleManager: Shutting down and abandoning module GeometryCache (121)
[2016.11.19-18.29.02:901][271]LogModuleManager: Shutting down and abandoning module AlembicLibrary (120)
[2016.11.19-18.29.02:901][271]LogModuleManager: Shutting down and abandoning module AlembicImporter (119)
[2016.11.19-18.29.02:901][271]LogModuleManager: Shutting down and abandoning module SuperSearch (118)
[2016.11.19-18.29.02:901][271]LogModuleManager: Shutting down and abandoning module SuperSearchEditor (117)
[2016.11.19-18.29.02:901][271]LogModuleManager: Shutting down and abandoning module SpeedTreeImporter (116)
[2016.11.19-18.29.02:901][271]LogModuleManager: Shutting down and abandoning module PluginBrowser (115)
[2016.11.19-18.29.02:901][271]LogModuleManager: Shutting down and abandoning module MobileLauncherProfileWizard (114)
[2016.11.19-18.29.02:902][271]LogModuleManager: Shutting down and abandoning module EpicSurvey (113)
[2016.11.19-18.29.02:902][271]LogModuleManager: Shutting down and abandoning module DesktopPlatform (112)
[2016.11.19-18.29.02:902][271]LogModuleManager: Shutting down and abandoning module VisualStudioSourceCodeAccess (111)
[2016.11.19-18.29.02:902][271]LogModuleManager: Shutting down and abandoning module UObjectPlugin (110)
[2016.11.19-18.29.02:902][271]LogModuleManager: Shutting down and abandoning module SubversionSourceControl (109)
[2016.11.19-18.29.02:902][271]LogModuleManager: Shutting down and abandoning module PerforceSourceControl (108)
[2016.11.19-18.29.02:902][271]LogModuleManager: Shutting down and abandoning module SourceControl (107)
[2016.11.19-18.29.02:902][271]LogModuleManager: Shutting down and abandoning module GitSourceControl (106)
[2016.11.19-18.29.02:902][271]LogModuleManager: Shutting down and abandoning module LightPropagationVolumeEditor (105)
[2016.11.19-18.29.02:902][271]LogModuleManager: Shutting down and abandoning module PaperTiledImporter (104)
[2016.11.19-18.29.02:902][271]LogModuleManager: Shutting down and abandoning module PaperSpriteSheetImporter (103)
[2016.11.19-18.29.02:902][271]LogModuleManager: Shutting down and abandoning module MeshPaint (102)
[2016.11.19-18.29.02:902][271]LogModuleManager: Shutting down and abandoning module FbxAutomationBuilderModule (101)
[2016.11.19-18.29.02:902][271]LogModuleManager: Shutting down and abandoning module PixelInspectorModule (100)
[2016.11.19-18.29.02:902][271]LogModuleManager: Shutting down and abandoning module HotReload (99)
[2016.11.19-18.29.02:903][271]LogModuleManager: Shutting down and abandoning module MainFrame (98)
[2016.11.19-18.29.02:903][271]LogModuleManager: Shutting down and abandoning module LevelEditor (97)
[2016.11.19-18.29.02:904][271]LogModuleManager: Shutting down and abandoning module ContentBrowser (96)
[2016.11.19-18.29.02:906][271]LogModuleManager: Shutting down and abandoning module Paper2DEditor (95)
[2016.11.19-18.29.02:906][271]LogModuleManager: Shutting down and abandoning module UdpMessaging (94)
[2016.11.19-18.29.03:006][271]LogModuleManager: Shutting down and abandoning module TcpMessaging (93)
[2016.11.19-18.29.03:107][271]LogModuleManager: Shutting down and abandoning module LightPropagationVolumeRuntime (92)
[2016.11.19-18.29.03:107][271]LogModuleManager: Shutting down and abandoning module Paper2D (91)
[2016.11.19-18.29.03:107][271]LogModuleManager: Shutting down and abandoning module WindowsMoviePlayer (90)
[2016.11.19-18.29.03:107][271]LogModuleManager: Shutting down and abandoning module WmfMedia (89)
[2016.11.19-18.29.03:107][271]LogModuleManager: Shutting down and abandoning module MediaAssets (88)
[2016.11.19-18.29.03:107][271]LogModuleManager: Shutting down and abandoning module GameLiveStreaming (87)
[2016.11.19-18.29.03:107][271]LogModuleManager: Shutting down and abandoning module GameplayTagsEditor (86)
[2016.11.19-18.29.03:107][271]LogModuleManager: Shutting down and abandoning module VREditor (85)
[2016.11.19-18.29.03:107][271]LogModuleManager: Shutting down and abandoning module GameplayTasksEditor (84)
[2016.11.19-18.29.03:107][271]LogModuleManager: Shutting down and abandoning module PropertyEditor (83)
[2016.11.19-18.29.03:107][271]LogModuleManager: Shutting down and abandoning module BehaviorTreeEditor (82)
[2016.11.19-18.29.03:107][271]LogModuleManager: Shutting down and abandoning module FunctionalTesting (81)
[2016.11.19-18.29.03:107][271]LogModuleManager: Shutting down and abandoning module CollisionAnalyzer (80)
[2016.11.19-18.29.03:108][271]LogModuleManager: Shutting down and abandoning module Sequencer (79)
[2016.11.19-18.29.03:109][271]LogModuleManager: Shutting down and abandoning module WorkspaceMenuStructure (78)
[2016.11.19-18.29.03:109][271]LogModuleManager: Shutting down and abandoning module MessageLog (77)
[2016.11.19-18.29.03:109][271]LogModuleManager: Shutting down and abandoning module AssetTools (76)
[2016.11.19-18.29.03:109][271]LogModuleManager: Shutting down and abandoning module UMGEditor (75)
[2016.11.19-18.29.03:109][271]LogModuleManager: Shutting down and abandoning module UMG (74)
[2016.11.19-18.29.03:110][271]LogModuleManager: Shutting down and abandoning module SlateReflector (73)
[2016.11.19-18.29.03:111][271]LogModuleManager: Shutting down and abandoning module Slate (72)
[2016.11.19-18.29.03:111][271]LogModuleManager: Shutting down and abandoning module EditorStyle (71)
[2016.11.19-18.29.03:114][271]LogModuleManager: Shutting down and abandoning module SourceCodeAccess (70)
[2016.11.19-18.29.03:114][271]LogModuleManager: Shutting down and abandoning module HeadMountedDisplay (69)
[2016.11.19-18.29.03:114][271]LogModuleManager: Shutting down and abandoning module XAudio2 (68)
[2016.11.19-18.29.03:114][271]LogModuleManager: Shutting down and abandoning module Networking (66)
[2016.11.19-18.29.03:114][271]LogModuleManager: Shutting down and abandoning module Core (65)
[2016.11.19-18.29.03:114][271]LogModuleManager: Shutting down and abandoning module DirectoryWatcher (64)
[2016.11.19-18.29.03:114][271]LogDirectoryWatcher: A directory notification for '../../../Engine/Content/' was aborted.
[2016.11.19-18.29.03:114][271]LogDirectoryWatcher: A directory notification for 'F:/Unreal Projects/Imaluk/Content/' was aborted.
[2016.11.19-18.29.03:114][271]LogDirectoryWatcher: A directory notification for '../../../Engine/Plugins/2D/Paper2D/Content/' was aborted.
[2016.11.19-18.29.03:115][271]LogModuleManager: Shutting down and abandoning module AssetRegistry (63)
[2016.11.19-18.29.03:303][271]LogModuleManager: Shutting down and abandoning module KismetCompiler (62)
[2016.11.19-18.29.03:303][271]LogModuleManager: Shutting down and abandoning module PhysXFormats (61)
[2016.11.19-18.29.03:303][271]LogModuleManager: Shutting down and abandoning module MeshUtilities (60)
[2016.11.19-18.29.03:303][271]LogModuleManager: Shutting down and abandoning module DerivedDataCache (59)
[2016.11.19-18.29.03:705][271]LogDerivedDataCache: Shutdown
[2016.11.19-18.29.03:705][271]LogModuleManager: Shutting down and abandoning module VulkanShaderFormat (58)
[2016.11.19-18.29.03:705][271]LogModuleManager: Shutting down and abandoning module ShaderFormatOpenGL (57)
[2016.11.19-18.29.03:705][271]LogModuleManager: Shutting down and abandoning module ShaderFormatD3D (56)
[2016.11.19-18.29.03:705][271]LogModuleManager: Shutting down and abandoning module MetalShaderFormat (55)
[2016.11.19-18.29.03:705][271]LogModuleManager: Shutting down and abandoning module TextureFormatUncompressed (54)
[2016.11.19-18.29.03:705][271]LogModuleManager: Shutting down and abandoning module TextureFormatPVR (53)
[2016.11.19-18.29.03:705][271]LogModuleManager: Shutting down and abandoning module TextureFormatDXT (52)
[2016.11.19-18.29.03:705][271]LogModuleManager: Shutting down and abandoning module TextureFormatIntelISPCTexComp (51)
[2016.11.19-18.29.03:705][271]LogModuleManager: Shutting down and abandoning module ImageWrapper (50)
[2016.11.19-18.29.03:705][271]LogModuleManager: Shutting down and abandoning module TextureFormatASTC (49)
[2016.11.19-18.29.03:705][271]LogModuleManager: Shutting down and abandoning module TextureFormatAndroid (48)
[2016.11.19-18.29.03:706][271]LogModuleManager: Shutting down and abandoning module AudioFormatOpus (47)
[2016.11.19-18.29.03:706][271]LogModuleManager: Shutting down and abandoning module AudioFormatOgg (46)
[2016.11.19-18.29.03:706][271]LogModuleManager: Shutting down and abandoning module AudioFormatADPCM (45)
[2016.11.19-18.29.03:706][271]LogModuleManager: Shutting down and abandoning module LinuxTargetPlatform (44)
[2016.11.19-18.29.03:706][271]LogModuleManager: Shutting down and abandoning module LinuxServerTargetPlatform (43)
[2016.11.19-18.29.03:706][271]LogModuleManager: Shutting down and abandoning module LinuxNoEditorTargetPlatform (42)
[2016.11.19-18.29.03:706][271]LogModuleManager: Shutting down and abandoning module LinuxClientTargetPlatform (41)
[2016.11.19-18.29.03:706][271]LogModuleManager: Shutting down and abandoning module TVOSTargetPlatform (40)
[2016.11.19-18.29.03:706][271]LogModuleManager: Shutting down and abandoning module Messaging (39)
[2016.11.19-18.29.03:706][271]LogModuleManager: Shutting down and abandoning module IOSTargetPlatform (38)
[2016.11.19-18.29.03:706][271]LogModuleManager: Shutting down and abandoning module HTML5TargetPlatform (37)
[2016.11.19-18.29.03:706][271]LogModuleManager: Shutting down and abandoning module Android_PVRTCTargetPlatform (36)
[2016.11.19-18.29.03:706][271]LogModuleManager: Shutting down and abandoning module Android_MultiTargetPlatform (35)
[2016.11.19-18.29.03:706][271]LogModuleManager: Shutting down and abandoning module Android_ETC2TargetPlatform (34)
[2016.11.19-18.29.03:706][271]LogModuleManager: Shutting down and abandoning module Android_ETC1TargetPlatform (33)
[2016.11.19-18.29.03:706][271]LogModuleManager: Shutting down and abandoning module Android_DXTTargetPlatform (32)
[2016.11.19-18.29.03:706][271]LogModuleManager: Shutting down and abandoning module Android_ATCTargetPlatform (31)
[2016.11.19-18.29.03:706][271]LogModuleManager: Shutting down and abandoning module Android_ASTCTargetPlatform (30)
[2016.11.19-18.29.03:706][271]LogModuleManager: Shutting down and abandoning module AndroidTargetPlatform (29)
[2016.11.19-18.29.03:706][271]LogModuleManager: Shutting down and abandoning module WindowsTargetPlatform (28)
[2016.11.19-18.29.03:706][271]LogModuleManager: Shutting down and abandoning module WindowsServerTargetPlatform (27)
[2016.11.19-18.29.03:706][271]LogModuleManager: Shutting down and abandoning module WindowsNoEditorTargetPlatform (26)
[2016.11.19-18.29.03:706][271]LogModuleManager: Shutting down and abandoning module WindowsClientTargetPlatform (25)
[2016.11.19-18.29.03:706][271]LogModuleManager: Shutting down and abandoning module AllDesktopTargetPlatform (24)
[2016.11.19-18.29.03:706][271]LogModuleManager: Shutting down and abandoning module TargetPlatform (23)
[2016.11.19-18.29.03:706][271]LogModuleManager: Shutting down and abandoning module InputCore (22)
[2016.11.19-18.29.03:706][271]LogModuleManager: Shutting down and abandoning module Settings (21)
[2016.11.19-18.29.03:706][271]LogModuleManager: Shutting down and abandoning module ExampleDeviceProfileSelector (20)
[2016.11.19-18.29.03:706][271]LogModuleManager: Shutting down and abandoning module OnlineBlueprintSupport (19)
[2016.11.19-18.29.03:706][271]LogModuleManager: Shutting down and abandoning module OnlineSubsystem (17)
[2016.11.19-18.29.03:706][271]LogOnline:Display: Unloading online subsystem: NULL
[2016.11.19-18.29.03:706][271]LogModuleManager: Shutting down and abandoning module HTTP (16)
[2016.11.19-18.29.03:706][271]LogHttp:Display: Http module shutting down, but needs to wait on 1 outstanding Http requests:
[2016.11.19-18.29.03:706][271]LogHttp:Display: 	verb=[POST] url=[https://datarouter.ol.epicgames.com/datarouter/api/v1/public/data?SessionID=%7BDD0690F2-4685-4EC6-6FB2-47943E051241%7D&AppID=UEEditor.Rocket.Release&AppVersion=4.13.2-3172292%2B%2B%2BUE4%2BRelease-4.13&UserID=74aba5214736824e151f03bbaf437207%7C53d220672b82480284a9feb9b473a650%7C417e5788-2c17-4d1c-9ecf-d5e1b3ef5471&AppEnvironment=datacollector-binary&UploadType=eteventstream] status=Processing
[2016.11.19-18.29.03:741][271]LogModuleManager: Shutting down and abandoning module XMPP (15)
[2016.11.19-18.29.03:741][271]LogModuleManager: Shutting down and abandoning module TextureCompressor (14)
[2016.11.19-18.29.03:741][271]LogModuleManager: Shutting down and abandoning module ShaderCore (13)
[2016.11.19-18.29.03:741][271]LogModuleManager: Shutting down and abandoning module Landscape (12)
[2016.11.19-18.29.03:741][271]LogModuleManager: Shutting down and abandoning module SlateRHIRenderer (11)
[2016.11.19-18.29.03:743][271]LogModuleManager: Shutting down and abandoning module OpenGLDrv (10)
[2016.11.19-18.29.03:744][271]LogModuleManager: Shutting down and abandoning module D3D11RHI (9)
[2016.11.19-18.29.03:744][271]LogModuleManager: Shutting down and abandoning module AnimGraphRuntime (8)
[2016.11.19-18.29.03:745][271]LogModuleManager: Shutting down and abandoning module Renderer (7)
[2016.11.19-18.29.03:745][271]LogModuleManager: Shutting down and abandoning module Engine (6)
[2016.11.19-18.29.03:745][271]LogModuleManager: Shutting down and abandoning module CoreUObject (5)
[2016.11.19-18.29.03:745][271]LogModuleManager: Shutting down and abandoning module NetworkFile (4)
[2016.11.19-18.29.03:745][271]LogModuleManager: Shutting down and abandoning module StreamingFile (3)
[2016.11.19-18.29.03:745][271]LogModuleManager: Shutting down and abandoning module SandboxFile (2)
[2016.11.19-18.29.03:745][271]LogModuleManager: Shutting down and abandoning module PakFile (1)
[2016.11.19-18.29.03:749][271]LogExit: Exiting.
[2016.11.19-18.29.03:751][271]Log file closed, 11/19/16 12:29:03
